#! /usr/bin/vvp
:ivl_version "12.0 (stable)" "(v12_0-dirty)";
:ivl_delay_selection "TYPICAL";
:vpi_time_precision + 0;
:vpi_module "/usr/lib/ivl/system.vpi";
:vpi_module "/usr/lib/ivl/vhdl_sys.vpi";
:vpi_module "/usr/lib/ivl/vhdl_textio.vpi";
:vpi_module "/usr/lib/ivl/v2005_math.vpi";
:vpi_module "/usr/lib/ivl/va_math.vpi";
S_0x63c50e803d00 .scope module, "rayCast_tb" "rayCast_tb" 2 1;
 .timescale 0 0;
P_0x63c50e7e9c40 .param/l "bound" 0 2 40, +C4<00000000000000000010000000000000>;
P_0x63c50e7e9c80 .param/l "stride" 0 2 39, +C4<00000000000000000001111111111111>;
v0x63c50e833fa0_0 .var/i "i", 31 0;
v0x63c50e8340a0_0 .net "intersection", 0 0, L_0x63c50e80b510;  1 drivers
v0x63c50e834160_0 .var/i "j", 31 0;
v0x63c50e834200_0 .var/i "k", 31 0;
v0x63c50e8342c0_0 .var/i "l", 31 0;
v0x63c50e8343a0_0 .var/i "m", 31 0;
v0x63c50e834480_0 .var/i "n", 31 0;
v0x63c50e834560_0 .var/i "o", 31 0;
v0x63c50e834640_0 .var/i "p", 31 0;
v0x63c50e834720_0 .var/s "r1x", 15 0;
v0x63c50e8347e0_0 .var/s "r1y", 15 0;
v0x63c50e834880_0 .var/s "r2x", 15 0;
v0x63c50e834920_0 .var/s "r2y", 15 0;
L_0x72a45af953c0 .functor BUFT 1, C4<0000000000000000>, C4<0>, C4<0>, C4<0>;
v0x63c50e8349c0_0 .net "ray_distance", 15 0, L_0x72a45af953c0;  1 drivers
v0x63c50e834a90_0 .net/s "t", 31 0, L_0x63c50e8570c0;  1 drivers
v0x63c50e834b60_0 .net/s "u", 31 0, L_0x63c50e857c20;  1 drivers
L_0x72a45af95408 .functor BUFT 1, C4<00000000>, C4<0>, C4<0>, C4<0>;
v0x63c50e834c30_0 .net "uv_x", 7 0, L_0x72a45af95408;  1 drivers
v0x63c50e834d00_0 .var/s "w1x", 15 0;
v0x63c50e834dd0_0 .var/s "w1y", 15 0;
v0x63c50e834ea0_0 .var/s "w2x", 15 0;
v0x63c50e834f70_0 .var/s "w2y", 15 0;
S_0x63c50e8201a0 .scope module, "uut" "rayCast" 2 22, 3 1 0, S_0x63c50e803d00;
 .timescale 0 0;
    .port_info 0 /INPUT 16 "x1";
    .port_info 1 /INPUT 16 "y1";
    .port_info 2 /INPUT 16 "x2";
    .port_info 3 /INPUT 16 "y2";
    .port_info 4 /INPUT 16 "x3";
    .port_info 5 /INPUT 16 "y3";
    .port_info 6 /INPUT 16 "x4";
    .port_info 7 /INPUT 16 "y4";
    .port_info 8 /OUTPUT 1 "intersection";
    .port_info 9 /OUTPUT 16 "ray_distance";
    .port_info 10 /OUTPUT 32 "t";
    .port_info 11 /OUTPUT 32 "u";
    .port_info 12 /OUTPUT 1 "parallel";
    .port_info 13 /OUTPUT 8 "uv_x";
L_0x63c50e844970 .functor NOT 1, L_0x63c50e856460, C4<0>, C4<0>, C4<0>;
L_0x63c50e7edd50 .functor NOT 1, L_0x63c50e856460, C4<0>, C4<0>, C4<0>;
L_0x63c50e7ec190 .functor NOT 1, L_0x63c50e856460, C4<0>, C4<0>, C4<0>;
L_0x63c50e7edc40 .functor AND 1, L_0x63c50e7ec190, L_0x63c50e857e90, C4<1>, C4<1>;
L_0x63c50e7ecbd0 .functor AND 1, L_0x63c50e7edc40, L_0x63c50e858160, C4<1>, C4<1>;
L_0x63c50e80b510 .functor AND 1, L_0x63c50e7ecbd0, L_0x63c50e8582f0, C4<1>, C4<1>;
v0x63c50e7ee320_0 .net/s *"_ivl_10", 31 0, L_0x63c50e8441a0;  1 drivers
v0x63c50e7edcb0_0 .net/s *"_ivl_101", 31 0, L_0x63c50e8572a0;  1 drivers
v0x63c50e7ed960_0 .net/s *"_ivl_102", 31 0, L_0x63c50e857540;  1 drivers
L_0x72a45af95210 .functor BUFT 1, C4<00000000000000000000000000000010>, C4<0>, C4<0>, C4<0>;
v0x63c50e7ebe50_0 .net/2s *"_ivl_104", 31 0, L_0x72a45af95210;  1 drivers
v0x63c50e815ed0_0 .net/s *"_ivl_107", 31 0, L_0x63c50e8576c0;  1 drivers
v0x63c50e820880_0 .net *"_ivl_108", 31 0, L_0x63c50e857a00;  1 drivers
v0x63c50e823dc0_0 .net *"_ivl_110", 22 0, L_0x63c50e8573e0;  1 drivers
L_0x72a45af95258 .functor BUFT 1, C4<000000000>, C4<0>, C4<0>, C4<0>;
v0x63c50e82f890_0 .net *"_ivl_112", 8 0, L_0x72a45af95258;  1 drivers
L_0x72a45af952a0 .functor BUFT 1, C4<00000000000000000000000000000000>, C4<0>, C4<0>, C4<0>;
v0x63c50e82f970_0 .net/2s *"_ivl_114", 31 0, L_0x72a45af952a0;  1 drivers
v0x63c50e82fa50_0 .net *"_ivl_118", 0 0, L_0x63c50e7ec190;  1 drivers
L_0x72a45af952e8 .functor BUFT 1, C4<00000000000000000000000000000000>, C4<0>, C4<0>, C4<0>;
v0x63c50e82fb30_0 .net/2s *"_ivl_120", 31 0, L_0x72a45af952e8;  1 drivers
v0x63c50e82fc10_0 .net *"_ivl_122", 0 0, L_0x63c50e857e90;  1 drivers
v0x63c50e82fcd0_0 .net *"_ivl_125", 0 0, L_0x63c50e7edc40;  1 drivers
L_0x72a45af95330 .functor BUFT 1, C4<00000000000000000000000000000000>, C4<0>, C4<0>, C4<0>;
v0x63c50e82fd90_0 .net/2s *"_ivl_126", 31 0, L_0x72a45af95330;  1 drivers
v0x63c50e82fe70_0 .net *"_ivl_128", 0 0, L_0x63c50e858160;  1 drivers
v0x63c50e82ff30_0 .net/s *"_ivl_13", 31 0, L_0x63c50e8442d0;  1 drivers
v0x63c50e830010_0 .net *"_ivl_131", 0 0, L_0x63c50e7ecbd0;  1 drivers
L_0x72a45af95378 .functor BUFT 1, C4<00000000000000010000000000000000>, C4<0>, C4<0>, C4<0>;
v0x63c50e8301e0_0 .net/2s *"_ivl_132", 31 0, L_0x72a45af95378;  1 drivers
v0x63c50e8302c0_0 .net *"_ivl_134", 0 0, L_0x63c50e8582f0;  1 drivers
v0x63c50e830380_0 .net/s *"_ivl_14", 31 0, L_0x63c50e844410;  1 drivers
v0x63c50e830460_0 .net/s *"_ivl_16", 31 0, L_0x63c50e844550;  1 drivers
v0x63c50e830540_0 .net/s *"_ivl_19", 31 0, L_0x63c50e844640;  1 drivers
v0x63c50e830620_0 .net/s *"_ivl_22", 31 0, L_0x63c50e8448d0;  1 drivers
v0x63c50e830700_0 .net/s *"_ivl_24", 31 0, L_0x63c50e8449e0;  1 drivers
v0x63c50e8307e0_0 .net/s *"_ivl_26", 31 0, L_0x63c50e844a80;  1 drivers
v0x63c50e8308c0_0 .net/s *"_ivl_28", 31 0, L_0x63c50e844c40;  1 drivers
v0x63c50e8309a0_0 .net/s *"_ivl_31", 31 0, L_0x63c50e844ce0;  1 drivers
v0x63c50e830a80_0 .net/s *"_ivl_32", 31 0, L_0x63c50e844eb0;  1 drivers
v0x63c50e830b60_0 .net/s *"_ivl_34", 31 0, L_0x63c50e844f50;  1 drivers
v0x63c50e830c40_0 .net/s *"_ivl_36", 31 0, L_0x63c50e845090;  1 drivers
v0x63c50e830d20_0 .net/s *"_ivl_38", 31 0, L_0x63c50e8451d0;  1 drivers
v0x63c50e830e00_0 .net/s *"_ivl_41", 31 0, L_0x63c50e844ff0;  1 drivers
v0x63c50e830ee0_0 .net/s *"_ivl_44", 31 0, L_0x63c50e8455c0;  1 drivers
v0x63c50e8311d0_0 .net/s *"_ivl_46", 31 0, L_0x63c50e845660;  1 drivers
v0x63c50e8312b0_0 .net/s *"_ivl_48", 31 0, L_0x63c50e8457d0;  1 drivers
v0x63c50e831390_0 .net/s *"_ivl_50", 31 0, L_0x63c50e845870;  1 drivers
v0x63c50e831470_0 .net/s *"_ivl_53", 31 0, L_0x63c50e8459f0;  1 drivers
v0x63c50e831550_0 .net/s *"_ivl_54", 31 0, L_0x63c50e845b30;  1 drivers
v0x63c50e831630_0 .net/s *"_ivl_56", 31 0, L_0x63c50e845cc0;  1 drivers
v0x63c50e831710_0 .net/s *"_ivl_58", 31 0, L_0x63c50e845df0;  1 drivers
v0x63c50e8317f0_0 .net/s *"_ivl_60", 31 0, L_0x63c50e846020;  1 drivers
v0x63c50e8318d0_0 .net/s *"_ivl_63", 31 0, L_0x63c50e8460c0;  1 drivers
L_0x72a45af95018 .functor BUFT 1, C4<00000000000000000000000000000000>, C4<0>, C4<0>, C4<0>;
v0x63c50e8319b0_0 .net/2s *"_ivl_66", 31 0, L_0x72a45af95018;  1 drivers
v0x63c50e831a90_0 .net *"_ivl_70", 0 0, L_0x63c50e844970;  1 drivers
L_0x72a45af95060 .functor BUFT 1, C4<00000000000000010000000000000000>, C4<0>, C4<0>, C4<0>;
v0x63c50e831b70_0 .net/2s *"_ivl_72", 31 0, L_0x72a45af95060;  1 drivers
v0x63c50e831c50_0 .net/s *"_ivl_75", 31 0, L_0x63c50e8566c0;  1 drivers
v0x63c50e831d30_0 .net/s *"_ivl_76", 31 0, L_0x63c50e856800;  1 drivers
L_0x72a45af950a8 .functor BUFT 1, C4<00000000000000000000000000000000>, C4<0>, C4<0>, C4<0>;
v0x63c50e831e10_0 .net *"_ivl_78", 31 0, L_0x72a45af950a8;  1 drivers
v0x63c50e831ef0_0 .net/s *"_ivl_8", 31 0, L_0x63c50e8440b0;  1 drivers
v0x63c50e831fd0_0 .net *"_ivl_81", 31 0, L_0x63c50e856550;  1 drivers
L_0x72a45af950f0 .functor BUFT 1, C4<00000000000000000000000000000010>, C4<0>, C4<0>, C4<0>;
v0x63c50e8320b0_0 .net/2s *"_ivl_82", 31 0, L_0x72a45af950f0;  1 drivers
v0x63c50e832190_0 .net/s *"_ivl_85", 31 0, L_0x63c50e856a70;  1 drivers
v0x63c50e832270_0 .net *"_ivl_86", 31 0, L_0x63c50e856e30;  1 drivers
v0x63c50e832350_0 .net *"_ivl_88", 22 0, L_0x63c50e856cf0;  1 drivers
L_0x72a45af95138 .functor BUFT 1, C4<000000000>, C4<0>, C4<0>, C4<0>;
v0x63c50e832430_0 .net *"_ivl_90", 8 0, L_0x72a45af95138;  1 drivers
L_0x72a45af95180 .functor BUFT 1, C4<00000000000000000000000000000000>, C4<0>, C4<0>, C4<0>;
v0x63c50e832510_0 .net/2s *"_ivl_92", 31 0, L_0x72a45af95180;  1 drivers
v0x63c50e8325f0_0 .net *"_ivl_96", 0 0, L_0x63c50e7edd50;  1 drivers
L_0x72a45af951c8 .functor BUFT 1, C4<00000000000000010000000000000000>, C4<0>, C4<0>, C4<0>;
v0x63c50e8326d0_0 .net/2s *"_ivl_98", 31 0, L_0x72a45af951c8;  1 drivers
v0x63c50e8327b0_0 .net/s "denominator", 31 0, L_0x63c50e8447e0;  1 drivers
v0x63c50e832890_0 .net "intersection", 0 0, L_0x63c50e80b510;  alias, 1 drivers
v0x63c50e832950_0 .net "parallel", 0 0, L_0x63c50e856460;  1 drivers
v0x63c50e832a10_0 .net "ray_distance", 15 0, L_0x72a45af953c0;  alias, 1 drivers
v0x63c50e832af0_0 .net/s "ray_dx", 15 0, L_0x63c50e843bb0;  1 drivers
v0x63c50e832bd0_0 .net/s "ray_dy", 15 0, L_0x63c50e843cf0;  1 drivers
v0x63c50e832cb0_0 .net/s "t", 31 0, L_0x63c50e8570c0;  alias, 1 drivers
v0x63c50e8331a0_0 .net/s "t_numerator", 31 0, L_0x63c50e8453c0;  1 drivers
v0x63c50e833280_0 .net/s "u", 31 0, L_0x63c50e857c20;  alias, 1 drivers
v0x63c50e833360_0 .net/s "u_numerator", 31 0, L_0x63c50e846310;  1 drivers
v0x63c50e833440_0 .net "uv_x", 7 0, L_0x72a45af95408;  alias, 1 drivers
v0x63c50e833520_0 .net/s "wall_dx", 15 0, L_0x63c50e843e30;  1 drivers
v0x63c50e833600_0 .net/s "wall_dy", 15 0, L_0x63c50e843f70;  1 drivers
v0x63c50e8336e0_0 .net/s "x1", 15 0, v0x63c50e834720_0;  1 drivers
v0x63c50e8337c0_0 .net/s "x2", 15 0, v0x63c50e834880_0;  1 drivers
v0x63c50e8338a0_0 .net/s "x3", 15 0, v0x63c50e834d00_0;  1 drivers
v0x63c50e833980_0 .net/s "x4", 15 0, v0x63c50e834ea0_0;  1 drivers
v0x63c50e833a60_0 .net/s "y1", 15 0, v0x63c50e8347e0_0;  1 drivers
v0x63c50e833b40_0 .net/s "y2", 15 0, v0x63c50e834920_0;  1 drivers
v0x63c50e833c20_0 .net/s "y3", 15 0, v0x63c50e834dd0_0;  1 drivers
v0x63c50e833d00_0 .net/s "y4", 15 0, v0x63c50e834f70_0;  1 drivers
L_0x63c50e843bb0 .arith/sub 16, v0x63c50e834720_0, v0x63c50e834880_0;
L_0x63c50e843cf0 .arith/sub 16, v0x63c50e8347e0_0, v0x63c50e834920_0;
L_0x63c50e843e30 .arith/sub 16, v0x63c50e834d00_0, v0x63c50e834ea0_0;
L_0x63c50e843f70 .arith/sub 16, v0x63c50e834dd0_0, v0x63c50e834f70_0;
L_0x63c50e8440b0 .extend/s 32, L_0x63c50e843bb0;
L_0x63c50e8441a0 .extend/s 32, L_0x63c50e843f70;
L_0x63c50e8442d0 .arith/mult 32, L_0x63c50e8440b0, L_0x63c50e8441a0;
L_0x63c50e844410 .extend/s 32, L_0x63c50e843cf0;
L_0x63c50e844550 .extend/s 32, L_0x63c50e843e30;
L_0x63c50e844640 .arith/mult 32, L_0x63c50e844410, L_0x63c50e844550;
L_0x63c50e8447e0 .arith/sub 32, L_0x63c50e8442d0, L_0x63c50e844640;
L_0x63c50e8448d0 .extend/s 32, v0x63c50e834720_0;
L_0x63c50e8449e0 .extend/s 32, v0x63c50e834d00_0;
L_0x63c50e844a80 .arith/sub 32, L_0x63c50e8448d0, L_0x63c50e8449e0;
L_0x63c50e844c40 .extend/s 32, L_0x63c50e843f70;
L_0x63c50e844ce0 .arith/mult 32, L_0x63c50e844a80, L_0x63c50e844c40;
L_0x63c50e844eb0 .extend/s 32, v0x63c50e8347e0_0;
L_0x63c50e844f50 .extend/s 32, v0x63c50e834dd0_0;
L_0x63c50e845090 .arith/sub 32, L_0x63c50e844eb0, L_0x63c50e844f50;
L_0x63c50e8451d0 .extend/s 32, L_0x63c50e843e30;
L_0x63c50e844ff0 .arith/mult 32, L_0x63c50e845090, L_0x63c50e8451d0;
L_0x63c50e8453c0 .arith/sub 32, L_0x63c50e844ce0, L_0x63c50e844ff0;
L_0x63c50e8455c0 .extend/s 32, L_0x63c50e843bb0;
L_0x63c50e845660 .extend/s 32, v0x63c50e8347e0_0;
L_0x63c50e8457d0 .extend/s 32, v0x63c50e834dd0_0;
L_0x63c50e845870 .arith/sub 32, L_0x63c50e845660, L_0x63c50e8457d0;
L_0x63c50e8459f0 .arith/mult 32, L_0x63c50e8455c0, L_0x63c50e845870;
L_0x63c50e845b30 .extend/s 32, L_0x63c50e843cf0;
L_0x63c50e845cc0 .extend/s 32, v0x63c50e834720_0;
L_0x63c50e845df0 .extend/s 32, v0x63c50e834d00_0;
L_0x63c50e846020 .arith/sub 32, L_0x63c50e845cc0, L_0x63c50e845df0;
L_0x63c50e8460c0 .arith/mult 32, L_0x63c50e845b30, L_0x63c50e846020;
L_0x63c50e846310 .arith/sub 32, L_0x63c50e8459f0, L_0x63c50e8460c0;
L_0x63c50e856460 .cmp/eq 32, L_0x63c50e8447e0, L_0x72a45af95018;
L_0x63c50e8566c0 .arith/mult 32, L_0x63c50e8453c0, L_0x72a45af95060;
L_0x63c50e856800 .arith/div.s 32, L_0x63c50e8566c0, L_0x63c50e8447e0;
L_0x63c50e856550 .arith/sub 32, L_0x72a45af950a8, L_0x63c50e856800;
L_0x63c50e856a70 .arith/mult 32, L_0x63c50e856550, L_0x72a45af950f0;
L_0x63c50e856cf0 .part L_0x63c50e856a70, 0, 23;
L_0x63c50e856e30 .concat [ 9 23 0 0], L_0x72a45af95138, L_0x63c50e856cf0;
L_0x63c50e8570c0 .functor MUXZ 32, L_0x72a45af95180, L_0x63c50e856e30, L_0x63c50e844970, C4<>;
L_0x63c50e8572a0 .arith/mult 32, L_0x63c50e846310, L_0x72a45af951c8;
L_0x63c50e857540 .arith/div.s 32, L_0x63c50e8572a0, L_0x63c50e8447e0;
L_0x63c50e8576c0 .arith/mult 32, L_0x63c50e857540, L_0x72a45af95210;
L_0x63c50e8573e0 .part L_0x63c50e8576c0, 0, 23;
L_0x63c50e857a00 .concat [ 9 23 0 0], L_0x72a45af95258, L_0x63c50e8573e0;
L_0x63c50e857c20 .functor MUXZ 32, L_0x72a45af952a0, L_0x63c50e857a00, L_0x63c50e7edd50, C4<>;
L_0x63c50e857e90 .cmp/ge.s 32, L_0x63c50e8570c0, L_0x72a45af952e8;
L_0x63c50e858160 .cmp/ge.s 32, L_0x63c50e857c20, L_0x72a45af95330;
L_0x63c50e8582f0 .cmp/ge.s 32, L_0x72a45af95378, L_0x63c50e857c20;
S_0x63c50e81c910 .scope module, "sqrt32to16" "sqrt32to16" 4 2;
 .timescale 0 0;
    .port_info 0 /INPUT 32 "x";
    .port_info 1 /OUTPUT 16 "res";
v0x63c50e841810_0 .net *"_ivl_101", 6 0, L_0x63c50e85ce80;  1 drivers
L_0x72a45af957f8 .functor BUFT 1, C4<00000000000000000000000000>, C4<0>, C4<0>, C4<0>;
v0x63c50e841910_0 .net *"_ivl_105", 25 0, L_0x72a45af957f8;  1 drivers
v0x63c50e8419f0_0 .net *"_ivl_114", 7 0, L_0x63c50e85e310;  1 drivers
L_0x72a45af95888 .functor BUFT 1, C4<0000000000000000000000000>, C4<0>, C4<0>, C4<0>;
v0x63c50e841ab0_0 .net *"_ivl_118", 24 0, L_0x72a45af95888;  1 drivers
v0x63c50e841b90_0 .net *"_ivl_127", 8 0, L_0x63c50e85efb0;  1 drivers
L_0x72a45af95918 .functor BUFT 1, C4<000000000000000000000000>, C4<0>, C4<0>, C4<0>;
v0x63c50e841c70_0 .net *"_ivl_131", 23 0, L_0x72a45af95918;  1 drivers
v0x63c50e841d50_0 .net *"_ivl_140", 9 0, L_0x63c50e85fd20;  1 drivers
L_0x72a45af959a8 .functor BUFT 1, C4<00000000000000000000000>, C4<0>, C4<0>, C4<0>;
v0x63c50e841e30_0 .net *"_ivl_144", 22 0, L_0x72a45af959a8;  1 drivers
v0x63c50e841f10_0 .net *"_ivl_153", 10 0, L_0x63c50e8609a0;  1 drivers
L_0x72a45af95a38 .functor BUFT 1, C4<0000000000000000000000>, C4<0>, C4<0>, C4<0>;
v0x63c50e842080_0 .net *"_ivl_157", 21 0, L_0x72a45af95a38;  1 drivers
v0x63c50e842160_0 .net *"_ivl_166", 11 0, L_0x63c50e861530;  1 drivers
L_0x72a45af95ac8 .functor BUFT 1, C4<000000000000000000000>, C4<0>, C4<0>, C4<0>;
v0x63c50e842240_0 .net *"_ivl_170", 20 0, L_0x72a45af95ac8;  1 drivers
v0x63c50e842320_0 .net *"_ivl_179", 12 0, L_0x63c50e862120;  1 drivers
L_0x72a45af95b58 .functor BUFT 1, C4<00000000000000000000>, C4<0>, C4<0>, C4<0>;
v0x63c50e842400_0 .net *"_ivl_183", 19 0, L_0x72a45af95b58;  1 drivers
v0x63c50e8424e0_0 .net *"_ivl_192", 13 0, L_0x63c50e862ce0;  1 drivers
L_0x72a45af95be8 .functor BUFT 1, C4<0000000000000000000>, C4<0>, C4<0>, C4<0>;
v0x63c50e8425c0_0 .net *"_ivl_196", 18 0, L_0x72a45af95be8;  1 drivers
v0x63c50e8426a0_0 .net *"_ivl_205", 14 0, L_0x63c50e862d80;  1 drivers
L_0x72a45af95c78 .functor BUFT 1, C4<000000000000000000>, C4<0>, C4<0>, C4<0>;
v0x63c50e842890_0 .net *"_ivl_209", 17 0, L_0x72a45af95c78;  1 drivers
v0x63c50e842970_0 .net *"_ivl_23", 0 0, L_0x63c50e859750;  1 drivers
L_0x72a45af95498 .functor BUFT 1, C4<00000000000000000000000000000000>, C4<0>, C4<0>, C4<0>;
v0x63c50e842a50_0 .net *"_ivl_27", 31 0, L_0x72a45af95498;  1 drivers
v0x63c50e842b30_0 .net *"_ivl_36", 1 0, L_0x63c50e85a130;  1 drivers
L_0x72a45af95528 .functor BUFT 1, C4<0000000000000000000000000000000>, C4<0>, C4<0>, C4<0>;
v0x63c50e842c10_0 .net *"_ivl_40", 30 0, L_0x72a45af95528;  1 drivers
v0x63c50e842cf0_0 .net *"_ivl_49", 2 0, L_0x63c50e85ad10;  1 drivers
L_0x72a45af955b8 .functor BUFT 1, C4<000000000000000000000000000000>, C4<0>, C4<0>, C4<0>;
v0x63c50e842dd0_0 .net *"_ivl_53", 29 0, L_0x72a45af955b8;  1 drivers
v0x63c50e842eb0_0 .net *"_ivl_62", 3 0, L_0x63c50e85b740;  1 drivers
L_0x72a45af95648 .functor BUFT 1, C4<00000000000000000000000000000>, C4<0>, C4<0>, C4<0>;
v0x63c50e842f90_0 .net *"_ivl_66", 28 0, L_0x72a45af95648;  1 drivers
v0x63c50e843070_0 .net *"_ivl_75", 4 0, L_0x63c50e85c2e0;  1 drivers
L_0x72a45af956d8 .functor BUFT 1, C4<0000000000000000000000000000>, C4<0>, C4<0>, C4<0>;
v0x63c50e843150_0 .net *"_ivl_79", 27 0, L_0x72a45af956d8;  1 drivers
v0x63c50e843230_0 .net *"_ivl_88", 5 0, L_0x63c50e85cde0;  1 drivers
L_0x72a45af95768 .functor BUFT 1, C4<000000000000000000000000000>, C4<0>, C4<0>, C4<0>;
v0x63c50e843310_0 .net *"_ivl_92", 26 0, L_0x72a45af95768;  1 drivers
v0x63c50e8433f0 .array "diff", 0 14;
v0x63c50e8433f0_0 .net v0x63c50e8433f0 0, 32 0, L_0x63c50e858c10; 1 drivers
v0x63c50e8433f0_1 .net v0x63c50e8433f0 1, 32 0, L_0x63c50e859490; 1 drivers
v0x63c50e8433f0_2 .net v0x63c50e8433f0 2, 32 0, L_0x63c50e859ec0; 1 drivers
v0x63c50e8433f0_3 .net v0x63c50e8433f0 3, 32 0, L_0x63c50e85a9c0; 1 drivers
v0x63c50e8433f0_4 .net v0x63c50e8433f0 4, 32 0, L_0x63c50e85b4d0; 1 drivers
v0x63c50e8433f0_5 .net v0x63c50e8433f0 5, 32 0, L_0x63c50e85bff0; 1 drivers
v0x63c50e8433f0_6 .net v0x63c50e8433f0 6, 32 0, L_0x63c50e85cb70; 1 drivers
v0x63c50e8433f0_7 .net v0x63c50e8433f0 7, 32 0, L_0x63c50e85d5f0; 1 drivers
v0x63c50e8433f0_8 .net v0x63c50e8433f0 8, 32 0, L_0x63c50e85e0a0; 1 drivers
v0x63c50e8433f0_9 .net v0x63c50e8433f0 9, 32 0, L_0x63c50e85ec60; 1 drivers
v0x63c50e8433f0_10 .net v0x63c50e8433f0 10, 32 0, L_0x63c50e85fab0; 1 drivers
v0x63c50e8433f0_11 .net v0x63c50e8433f0 11, 32 0, L_0x63c50e860620; 1 drivers
v0x63c50e8433f0_12 .net v0x63c50e8433f0 12, 32 0, L_0x63c50e8612c0; 1 drivers
v0x63c50e8433f0_13 .net v0x63c50e8433f0 13, 32 0, L_0x63c50e861d70; 1 drivers
v0x63c50e8433f0_14 .net v0x63c50e8433f0 14, 32 0, L_0x63c50e862a70; 1 drivers
v0x63c50e843990_0 .net "res", 15 0, L_0x63c50e863ea0;  1 drivers
o0x72a45afe25d8 .functor BUFZ 32, C4<zzzzzzzzzzzzzzzzzzzzzzzzzzzzzzzz>; HiZ drive
v0x63c50e843a70_0 .net "x", 31 0, o0x72a45afe25d8;  0 drivers
L_0x63c50e858dd0 .part o0x72a45afe25d8, 30, 2;
L_0x63c50e859610 .part o0x72a45afe25d8, 28, 2;
L_0x63c50e859750 .part L_0x63c50e863ea0, 15, 1;
L_0x63c50e8597f0 .concat [ 1 32 0 0], L_0x63c50e859750, L_0x72a45af95498;
L_0x63c50e85a040 .part o0x72a45afe25d8, 26, 2;
L_0x63c50e85a130 .part L_0x63c50e863ea0, 14, 2;
L_0x63c50e85a260 .concat [ 2 31 0 0], L_0x63c50e85a130, L_0x72a45af95528;
L_0x63c50e85ab40 .part o0x72a45afe25d8, 24, 2;
L_0x63c50e85ad10 .part L_0x63c50e863ea0, 13, 3;
L_0x63c50e85adb0 .concat [ 3 30 0 0], L_0x63c50e85ad10, L_0x72a45af955b8;
L_0x63c50e85b650 .part o0x72a45afe25d8, 22, 2;
L_0x63c50e85b740 .part L_0x63c50e863ea0, 12, 4;
L_0x63c50e85b8e0 .concat [ 4 29 0 0], L_0x63c50e85b740, L_0x72a45af95648;
L_0x63c50e85c170 .part o0x72a45afe25d8, 20, 2;
L_0x63c50e85c2e0 .part L_0x63c50e863ea0, 11, 5;
L_0x63c50e85c380 .concat [ 5 28 0 0], L_0x63c50e85c2e0, L_0x72a45af956d8;
L_0x63c50e85ccf0 .part o0x72a45afe25d8, 18, 2;
L_0x63c50e85cde0 .part L_0x63c50e863ea0, 10, 6;
L_0x63c50e85cf20 .concat [ 6 27 0 0], L_0x63c50e85cde0, L_0x72a45af95768;
L_0x63c50e85d770 .part o0x72a45afe25d8, 16, 2;
L_0x63c50e85ce80 .part L_0x63c50e863ea0, 9, 7;
L_0x63c50e85d910 .concat [ 7 26 0 0], L_0x63c50e85ce80, L_0x72a45af957f8;
L_0x63c50e85e220 .part o0x72a45afe25d8, 14, 2;
L_0x63c50e85e310 .part L_0x63c50e863ea0, 8, 8;
L_0x63c50e85e590 .concat [ 8 25 0 0], L_0x63c50e85e310, L_0x72a45af95888;
L_0x63c50e85ede0 .part o0x72a45afe25d8, 12, 2;
L_0x63c50e85efb0 .part L_0x63c50e863ea0, 7, 9;
L_0x63c50e85f050 .concat [ 9 24 0 0], L_0x63c50e85efb0, L_0x72a45af95918;
L_0x63c50e85fc30 .part o0x72a45afe25d8, 10, 2;
L_0x63c50e85fd20 .part L_0x63c50e863ea0, 6, 10;
L_0x63c50e85fec0 .concat [ 10 23 0 0], L_0x63c50e85fd20, L_0x72a45af959a8;
L_0x63c50e8607a0 .part o0x72a45afe25d8, 8, 2;
L_0x63c50e8609a0 .part L_0x63c50e863ea0, 5, 11;
L_0x63c50e860a40 .concat [ 11 22 0 0], L_0x63c50e8609a0, L_0x72a45af95a38;
L_0x63c50e861440 .part o0x72a45afe25d8, 6, 2;
L_0x63c50e861530 .part L_0x63c50e863ea0, 4, 12;
L_0x63c50e860b80 .concat [ 12 21 0 0], L_0x63c50e861530, L_0x72a45af95ac8;
L_0x63c50e861ef0 .part o0x72a45afe25d8, 4, 2;
L_0x63c50e862120 .part L_0x63c50e863ea0, 3, 13;
L_0x63c50e8621c0 .concat [ 13 20 0 0], L_0x63c50e862120, L_0x72a45af95b58;
L_0x63c50e862bf0 .part o0x72a45afe25d8, 2, 2;
L_0x63c50e862ce0 .part L_0x63c50e863ea0, 2, 14;
L_0x63c50e862ee0 .concat [ 14 19 0 0], L_0x63c50e862ce0, L_0x72a45af95be8;
L_0x63c50e8637c0 .part o0x72a45afe25d8, 0, 2;
L_0x63c50e862d80 .part L_0x63c50e863ea0, 1, 15;
L_0x63c50e862e20 .concat [ 15 18 0 0], L_0x63c50e862d80, L_0x72a45af95c78;
LS_0x63c50e863ea0_0_0 .concat8 [ 1 1 1 1], L_0x63c50e863420, L_0x63c50e862850, L_0x63c50e861b50, L_0x63c50e8610a0;
LS_0x63c50e863ea0_0_4 .concat8 [ 1 1 1 1], L_0x63c50e860400, L_0x63c50e85f890, L_0x63c50e85ea40, L_0x63c50e85de80;
LS_0x63c50e863ea0_0_8 .concat8 [ 1 1 1 1], L_0x63c50e85d3d0, L_0x63c50e85c950, L_0x63c50e85bdd0, L_0x63c50e85b2b0;
LS_0x63c50e863ea0_0_12 .concat8 [ 1 1 1 1], L_0x63c50e85a7a0, L_0x63c50e859ca0, L_0x63c50e859270, L_0x63c50e8589c0;
L_0x63c50e863ea0 .concat8 [ 4 4 4 4], LS_0x63c50e863ea0_0_0, LS_0x63c50e863ea0_0_4, LS_0x63c50e863ea0_0_8, LS_0x63c50e863ea0_0_12;
S_0x63c50e7f2070 .scope module, "ass1" "attemptSqrtSubtraction" 4 9, 4 28 0, S_0x63c50e81c910;
 .timescale 0 0;
    .port_info 0 /INPUT 2 "brought_down";
    .port_info 1 /INPUT 33 "x";
    .port_info 2 /INPUT 33 "existing_answer";
    .port_info 3 /OUTPUT 33 "res";
    .port_info 4 /OUTPUT 1 "subtract";
v0x63c50e835070_0 .net *"_ivl_0", 34 0, L_0x63c50e858790;  1 drivers
L_0x72a45af95d50 .functor BUFT 1, C4<00000000000000000000000000000000001>, C4<0>, C4<0>, C4<0>;
v0x63c50e835170_0 .net *"_ivl_6", 34 0, L_0x72a45af95d50;  1 drivers
v0x63c50e835250_0 .net "brought_down", 1 0, L_0x63c50e858dd0;  1 drivers
v0x63c50e835340_0 .net "difference", 32 0, L_0x63c50e858b00;  1 drivers
L_0x72a45af95d08 .functor BUFT 1, C4<000000000000000000000000000000000>, C4<0>, C4<0>, C4<0>;
v0x63c50e835420_0 .net "existing_answer", 32 0, L_0x72a45af95d08;  1 drivers
v0x63c50e835500_0 .net "minuend", 32 0, L_0x63c50e858830;  1 drivers
v0x63c50e8355e0_0 .net "res", 32 0, L_0x63c50e858c10;  alias, 1 drivers
v0x63c50e8356c0_0 .net "subtract", 0 0, L_0x63c50e8589c0;  1 drivers
v0x63c50e835780_0 .net "subtrahend", 32 0, L_0x63c50e858920;  1 drivers
L_0x72a45af95cc0 .functor BUFT 1, C4<000000000000000000000000000000000>, C4<0>, C4<0>, C4<0>;
v0x63c50e835860_0 .net "x", 32 0, L_0x72a45af95cc0;  1 drivers
L_0x63c50e858790 .concat [ 2 33 0 0], L_0x63c50e858dd0, L_0x72a45af95cc0;
L_0x63c50e858830 .part L_0x63c50e858790, 0, 33;
L_0x63c50e858920 .part L_0x72a45af95d50, 0, 33;
L_0x63c50e8589c0 .cmp/ge 33, L_0x63c50e858830, L_0x63c50e858920;
L_0x63c50e858b00 .arith/sub 33, L_0x63c50e858830, L_0x63c50e858920;
L_0x63c50e858c10 .functor MUXZ 33, L_0x63c50e858830, L_0x63c50e858b00, L_0x63c50e8589c0, C4<>;
S_0x63c50e7f5930 .scope module, "ass10" "attemptSqrtSubtraction" 4 18, 4 28 0, S_0x63c50e81c910;
 .timescale 0 0;
    .port_info 0 /INPUT 2 "brought_down";
    .port_info 1 /INPUT 33 "x";
    .port_info 2 /INPUT 33 "existing_answer";
    .port_info 3 /OUTPUT 33 "res";
    .port_info 4 /OUTPUT 1 "subtract";
v0x63c50e835a80_0 .net *"_ivl_0", 34 0, L_0x63c50e85e720;  1 drivers
L_0x72a45af958d0 .functor BUFT 1, C4<01>, C4<0>, C4<0>, C4<0>;
v0x63c50e835b60_0 .net/2u *"_ivl_4", 1 0, L_0x72a45af958d0;  1 drivers
v0x63c50e835c40_0 .net *"_ivl_6", 34 0, L_0x63c50e85e860;  1 drivers
v0x63c50e835d30_0 .net "brought_down", 1 0, L_0x63c50e85ede0;  1 drivers
v0x63c50e835e10_0 .net "difference", 32 0, L_0x63c50e85eb80;  1 drivers
v0x63c50e835ef0_0 .net "existing_answer", 32 0, L_0x63c50e85f050;  1 drivers
v0x63c50e835fd0_0 .net "minuend", 32 0, L_0x63c50e85e7c0;  1 drivers
v0x63c50e8360b0_0 .net "res", 32 0, L_0x63c50e85ec60;  alias, 1 drivers
v0x63c50e836190_0 .net "subtract", 0 0, L_0x63c50e85ea40;  1 drivers
v0x63c50e836250_0 .net "subtrahend", 32 0, L_0x63c50e85e950;  1 drivers
v0x63c50e836330_0 .net "x", 32 0, L_0x63c50e85e0a0;  alias, 1 drivers
L_0x63c50e85e720 .concat [ 2 33 0 0], L_0x63c50e85ede0, L_0x63c50e85e0a0;
L_0x63c50e85e7c0 .part L_0x63c50e85e720, 0, 33;
L_0x63c50e85e860 .concat [ 2 33 0 0], L_0x72a45af958d0, L_0x63c50e85f050;
L_0x63c50e85e950 .part L_0x63c50e85e860, 0, 33;
L_0x63c50e85ea40 .cmp/ge 33, L_0x63c50e85e7c0, L_0x63c50e85e950;
L_0x63c50e85eb80 .arith/sub 33, L_0x63c50e85e7c0, L_0x63c50e85e950;
L_0x63c50e85ec60 .functor MUXZ 33, L_0x63c50e85e7c0, L_0x63c50e85eb80, L_0x63c50e85ea40, C4<>;
S_0x63c50e7f92f0 .scope module, "ass11" "attemptSqrtSubtraction" 4 19, 4 28 0, S_0x63c50e81c910;
 .timescale 0 0;
    .port_info 0 /INPUT 2 "brought_down";
    .port_info 1 /INPUT 33 "x";
    .port_info 2 /INPUT 33 "existing_answer";
    .port_info 3 /OUTPUT 33 "res";
    .port_info 4 /OUTPUT 1 "subtract";
v0x63c50e836560_0 .net *"_ivl_0", 34 0, L_0x63c50e85f4e0;  1 drivers
L_0x72a45af95960 .functor BUFT 1, C4<01>, C4<0>, C4<0>, C4<0>;
v0x63c50e836640_0 .net/2u *"_ivl_4", 1 0, L_0x72a45af95960;  1 drivers
v0x63c50e836720_0 .net *"_ivl_6", 34 0, L_0x63c50e85f6b0;  1 drivers
v0x63c50e836810_0 .net "brought_down", 1 0, L_0x63c50e85fc30;  1 drivers
v0x63c50e8368f0_0 .net "difference", 32 0, L_0x63c50e85f9d0;  1 drivers
v0x63c50e8369d0_0 .net "existing_answer", 32 0, L_0x63c50e85fec0;  1 drivers
v0x63c50e836ab0_0 .net "minuend", 32 0, L_0x63c50e85f610;  1 drivers
v0x63c50e836b90_0 .net "res", 32 0, L_0x63c50e85fab0;  alias, 1 drivers
v0x63c50e836c70_0 .net "subtract", 0 0, L_0x63c50e85f890;  1 drivers
v0x63c50e836dc0_0 .net "subtrahend", 32 0, L_0x63c50e85f7a0;  1 drivers
v0x63c50e836ea0_0 .net "x", 32 0, L_0x63c50e85ec60;  alias, 1 drivers
L_0x63c50e85f4e0 .concat [ 2 33 0 0], L_0x63c50e85fc30, L_0x63c50e85ec60;
L_0x63c50e85f610 .part L_0x63c50e85f4e0, 0, 33;
L_0x63c50e85f6b0 .concat [ 2 33 0 0], L_0x72a45af95960, L_0x63c50e85fec0;
L_0x63c50e85f7a0 .part L_0x63c50e85f6b0, 0, 33;
L_0x63c50e85f890 .cmp/ge 33, L_0x63c50e85f610, L_0x63c50e85f7a0;
L_0x63c50e85f9d0 .arith/sub 33, L_0x63c50e85f610, L_0x63c50e85f7a0;
L_0x63c50e85fab0 .functor MUXZ 33, L_0x63c50e85f610, L_0x63c50e85f9d0, L_0x63c50e85f890, C4<>;
S_0x63c50e7fcba0 .scope module, "ass12" "attemptSqrtSubtraction" 4 20, 4 28 0, S_0x63c50e81c910;
 .timescale 0 0;
    .port_info 0 /INPUT 2 "brought_down";
    .port_info 1 /INPUT 33 "x";
    .port_info 2 /INPUT 33 "existing_answer";
    .port_info 3 /OUTPUT 33 "res";
    .port_info 4 /OUTPUT 1 "subtract";
v0x63c50e837090_0 .net *"_ivl_0", 34 0, L_0x63c50e860050;  1 drivers
L_0x72a45af959f0 .functor BUFT 1, C4<01>, C4<0>, C4<0>, C4<0>;
v0x63c50e837190_0 .net/2u *"_ivl_4", 1 0, L_0x72a45af959f0;  1 drivers
v0x63c50e837270_0 .net *"_ivl_6", 34 0, L_0x63c50e860220;  1 drivers
v0x63c50e837360_0 .net "brought_down", 1 0, L_0x63c50e8607a0;  1 drivers
v0x63c50e837440_0 .net "difference", 32 0, L_0x63c50e860540;  1 drivers
v0x63c50e837520_0 .net "existing_answer", 32 0, L_0x63c50e860a40;  1 drivers
v0x63c50e837600_0 .net "minuend", 32 0, L_0x63c50e860180;  1 drivers
v0x63c50e8376e0_0 .net "res", 32 0, L_0x63c50e860620;  alias, 1 drivers
v0x63c50e8377c0_0 .net "subtract", 0 0, L_0x63c50e860400;  1 drivers
v0x63c50e837910_0 .net "subtrahend", 32 0, L_0x63c50e860310;  1 drivers
v0x63c50e8379f0_0 .net "x", 32 0, L_0x63c50e85fab0;  alias, 1 drivers
L_0x63c50e860050 .concat [ 2 33 0 0], L_0x63c50e8607a0, L_0x63c50e85fab0;
L_0x63c50e860180 .part L_0x63c50e860050, 0, 33;
L_0x63c50e860220 .concat [ 2 33 0 0], L_0x72a45af959f0, L_0x63c50e860a40;
L_0x63c50e860310 .part L_0x63c50e860220, 0, 33;
L_0x63c50e860400 .cmp/ge 33, L_0x63c50e860180, L_0x63c50e860310;
L_0x63c50e860540 .arith/sub 33, L_0x63c50e860180, L_0x63c50e860310;
L_0x63c50e860620 .functor MUXZ 33, L_0x63c50e860180, L_0x63c50e860540, L_0x63c50e860400, C4<>;
S_0x63c50e800450 .scope module, "ass13" "attemptSqrtSubtraction" 4 21, 4 28 0, S_0x63c50e81c910;
 .timescale 0 0;
    .port_info 0 /INPUT 2 "brought_down";
    .port_info 1 /INPUT 33 "x";
    .port_info 2 /INPUT 33 "existing_answer";
    .port_info 3 /OUTPUT 33 "res";
    .port_info 4 /OUTPUT 1 "subtract";
v0x63c50e837be0_0 .net *"_ivl_0", 34 0, L_0x63c50e860cf0;  1 drivers
L_0x72a45af95a80 .functor BUFT 1, C4<01>, C4<0>, C4<0>, C4<0>;
v0x63c50e837ce0_0 .net/2u *"_ivl_4", 1 0, L_0x72a45af95a80;  1 drivers
v0x63c50e837dc0_0 .net *"_ivl_6", 34 0, L_0x63c50e860ec0;  1 drivers
v0x63c50e837e80_0 .net "brought_down", 1 0, L_0x63c50e861440;  1 drivers
v0x63c50e837f60_0 .net "difference", 32 0, L_0x63c50e8611e0;  1 drivers
v0x63c50e838090_0 .net "existing_answer", 32 0, L_0x63c50e860b80;  1 drivers
v0x63c50e838170_0 .net "minuend", 32 0, L_0x63c50e860e20;  1 drivers
v0x63c50e838250_0 .net "res", 32 0, L_0x63c50e8612c0;  alias, 1 drivers
v0x63c50e838330_0 .net "subtract", 0 0, L_0x63c50e8610a0;  1 drivers
v0x63c50e838480_0 .net "subtrahend", 32 0, L_0x63c50e860fb0;  1 drivers
v0x63c50e838560_0 .net "x", 32 0, L_0x63c50e860620;  alias, 1 drivers
L_0x63c50e860cf0 .concat [ 2 33 0 0], L_0x63c50e861440, L_0x63c50e860620;
L_0x63c50e860e20 .part L_0x63c50e860cf0, 0, 33;
L_0x63c50e860ec0 .concat [ 2 33 0 0], L_0x72a45af95a80, L_0x63c50e860b80;
L_0x63c50e860fb0 .part L_0x63c50e860ec0, 0, 33;
L_0x63c50e8610a0 .cmp/ge 33, L_0x63c50e860e20, L_0x63c50e860fb0;
L_0x63c50e8611e0 .arith/sub 33, L_0x63c50e860e20, L_0x63c50e860fb0;
L_0x63c50e8612c0 .functor MUXZ 33, L_0x63c50e860e20, L_0x63c50e8611e0, L_0x63c50e8610a0, C4<>;
S_0x63c50e8386d0 .scope module, "ass14" "attemptSqrtSubtraction" 4 22, 4 28 0, S_0x63c50e81c910;
 .timescale 0 0;
    .port_info 0 /INPUT 2 "brought_down";
    .port_info 1 /INPUT 33 "x";
    .port_info 2 /INPUT 33 "existing_answer";
    .port_info 3 /OUTPUT 33 "res";
    .port_info 4 /OUTPUT 1 "subtract";
v0x63c50e8388e0_0 .net *"_ivl_0", 34 0, L_0x63c50e8617a0;  1 drivers
L_0x72a45af95b10 .functor BUFT 1, C4<01>, C4<0>, C4<0>, C4<0>;
v0x63c50e8389e0_0 .net/2u *"_ivl_4", 1 0, L_0x72a45af95b10;  1 drivers
v0x63c50e838ac0_0 .net *"_ivl_6", 34 0, L_0x63c50e861970;  1 drivers
v0x63c50e838bb0_0 .net "brought_down", 1 0, L_0x63c50e861ef0;  1 drivers
v0x63c50e838c90_0 .net "difference", 32 0, L_0x63c50e861c90;  1 drivers
v0x63c50e838dc0_0 .net "existing_answer", 32 0, L_0x63c50e8621c0;  1 drivers
v0x63c50e838ea0_0 .net "minuend", 32 0, L_0x63c50e8618d0;  1 drivers
v0x63c50e838f80_0 .net "res", 32 0, L_0x63c50e861d70;  alias, 1 drivers
v0x63c50e839060_0 .net "subtract", 0 0, L_0x63c50e861b50;  1 drivers
v0x63c50e8391b0_0 .net "subtrahend", 32 0, L_0x63c50e861a60;  1 drivers
v0x63c50e839290_0 .net "x", 32 0, L_0x63c50e8612c0;  alias, 1 drivers
L_0x63c50e8617a0 .concat [ 2 33 0 0], L_0x63c50e861ef0, L_0x63c50e8612c0;
L_0x63c50e8618d0 .part L_0x63c50e8617a0, 0, 33;
L_0x63c50e861970 .concat [ 2 33 0 0], L_0x72a45af95b10, L_0x63c50e8621c0;
L_0x63c50e861a60 .part L_0x63c50e861970, 0, 33;
L_0x63c50e861b50 .cmp/ge 33, L_0x63c50e8618d0, L_0x63c50e861a60;
L_0x63c50e861c90 .arith/sub 33, L_0x63c50e8618d0, L_0x63c50e861a60;
L_0x63c50e861d70 .functor MUXZ 33, L_0x63c50e8618d0, L_0x63c50e861c90, L_0x63c50e861b50, C4<>;
S_0x63c50e839400 .scope module, "ass15" "attemptSqrtSubtraction" 4 23, 4 28 0, S_0x63c50e81c910;
 .timescale 0 0;
    .port_info 0 /INPUT 2 "brought_down";
    .port_info 1 /INPUT 33 "x";
    .port_info 2 /INPUT 33 "existing_answer";
    .port_info 3 /OUTPUT 33 "res";
    .port_info 4 /OUTPUT 1 "subtract";
v0x63c50e839610_0 .net *"_ivl_0", 34 0, L_0x63c50e8624a0;  1 drivers
L_0x72a45af95ba0 .functor BUFT 1, C4<01>, C4<0>, C4<0>, C4<0>;
v0x63c50e839710_0 .net/2u *"_ivl_4", 1 0, L_0x72a45af95ba0;  1 drivers
v0x63c50e8397f0_0 .net *"_ivl_6", 34 0, L_0x63c50e862670;  1 drivers
v0x63c50e8398e0_0 .net "brought_down", 1 0, L_0x63c50e862bf0;  1 drivers
v0x63c50e8399c0_0 .net "difference", 32 0, L_0x63c50e862990;  1 drivers
v0x63c50e839af0_0 .net "existing_answer", 32 0, L_0x63c50e862ee0;  1 drivers
v0x63c50e839bd0_0 .net "minuend", 32 0, L_0x63c50e8625d0;  1 drivers
v0x63c50e839cb0_0 .net "res", 32 0, L_0x63c50e862a70;  alias, 1 drivers
v0x63c50e839d90_0 .net "subtract", 0 0, L_0x63c50e862850;  1 drivers
v0x63c50e839ee0_0 .net "subtrahend", 32 0, L_0x63c50e862760;  1 drivers
v0x63c50e839fc0_0 .net "x", 32 0, L_0x63c50e861d70;  alias, 1 drivers
L_0x63c50e8624a0 .concat [ 2 33 0 0], L_0x63c50e862bf0, L_0x63c50e861d70;
L_0x63c50e8625d0 .part L_0x63c50e8624a0, 0, 33;
L_0x63c50e862670 .concat [ 2 33 0 0], L_0x72a45af95ba0, L_0x63c50e862ee0;
L_0x63c50e862760 .part L_0x63c50e862670, 0, 33;
L_0x63c50e862850 .cmp/ge 33, L_0x63c50e8625d0, L_0x63c50e862760;
L_0x63c50e862990 .arith/sub 33, L_0x63c50e8625d0, L_0x63c50e862760;
L_0x63c50e862a70 .functor MUXZ 33, L_0x63c50e8625d0, L_0x63c50e862990, L_0x63c50e862850, C4<>;
S_0x63c50e83a130 .scope module, "ass16" "attemptSqrtSubtraction" 4 24, 4 28 0, S_0x63c50e81c910;
 .timescale 0 0;
    .port_info 0 /INPUT 2 "brought_down";
    .port_info 1 /INPUT 33 "x";
    .port_info 2 /INPUT 33 "existing_answer";
    .port_info 3 /OUTPUT 33 "res";
    .port_info 4 /OUTPUT 1 "subtract";
v0x63c50e83a340_0 .net *"_ivl_0", 34 0, L_0x63c50e863070;  1 drivers
L_0x72a45af95c30 .functor BUFT 1, C4<01>, C4<0>, C4<0>, C4<0>;
v0x63c50e83a440_0 .net/2u *"_ivl_4", 1 0, L_0x72a45af95c30;  1 drivers
v0x63c50e83a520_0 .net *"_ivl_6", 34 0, L_0x63c50e863240;  1 drivers
v0x63c50e83a610_0 .net "brought_down", 1 0, L_0x63c50e8637c0;  1 drivers
v0x63c50e83a6f0_0 .net "difference", 32 0, L_0x63c50e863560;  1 drivers
v0x63c50e83a820_0 .net "existing_answer", 32 0, L_0x63c50e862e20;  1 drivers
v0x63c50e83a900_0 .net "minuend", 32 0, L_0x63c50e8631a0;  1 drivers
v0x63c50e83a9e0_0 .net "res", 32 0, L_0x63c50e863640;  1 drivers
v0x63c50e83aac0_0 .net "subtract", 0 0, L_0x63c50e863420;  1 drivers
v0x63c50e83ac10_0 .net "subtrahend", 32 0, L_0x63c50e863330;  1 drivers
v0x63c50e83acf0_0 .net "x", 32 0, L_0x63c50e862a70;  alias, 1 drivers
L_0x63c50e863070 .concat [ 2 33 0 0], L_0x63c50e8637c0, L_0x63c50e862a70;
L_0x63c50e8631a0 .part L_0x63c50e863070, 0, 33;
L_0x63c50e863240 .concat [ 2 33 0 0], L_0x72a45af95c30, L_0x63c50e862e20;
L_0x63c50e863330 .part L_0x63c50e863240, 0, 33;
L_0x63c50e863420 .cmp/ge 33, L_0x63c50e8631a0, L_0x63c50e863330;
L_0x63c50e863560 .arith/sub 33, L_0x63c50e8631a0, L_0x63c50e863330;
L_0x63c50e863640 .functor MUXZ 33, L_0x63c50e8631a0, L_0x63c50e863560, L_0x63c50e863420, C4<>;
S_0x63c50e83ae60 .scope module, "ass2" "attemptSqrtSubtraction" 4 10, 4 28 0, S_0x63c50e81c910;
 .timescale 0 0;
    .port_info 0 /INPUT 2 "brought_down";
    .port_info 1 /INPUT 33 "x";
    .port_info 2 /INPUT 33 "existing_answer";
    .port_info 3 /OUTPUT 33 "res";
    .port_info 4 /OUTPUT 1 "subtract";
v0x63c50e83b100_0 .net *"_ivl_0", 34 0, L_0x63c50e858ec0;  1 drivers
L_0x72a45af95450 .functor BUFT 1, C4<01>, C4<0>, C4<0>, C4<0>;
v0x63c50e83b200_0 .net/2u *"_ivl_4", 1 0, L_0x72a45af95450;  1 drivers
v0x63c50e83b2e0_0 .net *"_ivl_6", 34 0, L_0x63c50e859090;  1 drivers
v0x63c50e83b3d0_0 .net "brought_down", 1 0, L_0x63c50e859610;  1 drivers
v0x63c50e83b4b0_0 .net "difference", 32 0, L_0x63c50e8593b0;  1 drivers
v0x63c50e83b590_0 .net "existing_answer", 32 0, L_0x63c50e8597f0;  1 drivers
v0x63c50e83b670_0 .net "minuend", 32 0, L_0x63c50e858ff0;  1 drivers
v0x63c50e83b750_0 .net "res", 32 0, L_0x63c50e859490;  alias, 1 drivers
v0x63c50e83b830_0 .net "subtract", 0 0, L_0x63c50e859270;  1 drivers
v0x63c50e83b980_0 .net "subtrahend", 32 0, L_0x63c50e859180;  1 drivers
v0x63c50e83ba60_0 .net "x", 32 0, L_0x63c50e858c10;  alias, 1 drivers
L_0x63c50e858ec0 .concat [ 2 33 0 0], L_0x63c50e859610, L_0x63c50e858c10;
L_0x63c50e858ff0 .part L_0x63c50e858ec0, 0, 33;
L_0x63c50e859090 .concat [ 2 33 0 0], L_0x72a45af95450, L_0x63c50e8597f0;
L_0x63c50e859180 .part L_0x63c50e859090, 0, 33;
L_0x63c50e859270 .cmp/ge 33, L_0x63c50e858ff0, L_0x63c50e859180;
L_0x63c50e8593b0 .arith/sub 33, L_0x63c50e858ff0, L_0x63c50e859180;
L_0x63c50e859490 .functor MUXZ 33, L_0x63c50e858ff0, L_0x63c50e8593b0, L_0x63c50e859270, C4<>;
S_0x63c50e83bbd0 .scope module, "ass3" "attemptSqrtSubtraction" 4 11, 4 28 0, S_0x63c50e81c910;
 .timescale 0 0;
    .port_info 0 /INPUT 2 "brought_down";
    .port_info 1 /INPUT 33 "x";
    .port_info 2 /INPUT 33 "existing_answer";
    .port_info 3 /OUTPUT 33 "res";
    .port_info 4 /OUTPUT 1 "subtract";
v0x63c50e83bde0_0 .net *"_ivl_0", 34 0, L_0x63c50e859980;  1 drivers
L_0x72a45af954e0 .functor BUFT 1, C4<01>, C4<0>, C4<0>, C4<0>;
v0x63c50e83bee0_0 .net/2u *"_ivl_4", 1 0, L_0x72a45af954e0;  1 drivers
v0x63c50e83bfc0_0 .net *"_ivl_6", 34 0, L_0x63c50e859ac0;  1 drivers
v0x63c50e83c0b0_0 .net "brought_down", 1 0, L_0x63c50e85a040;  1 drivers
v0x63c50e83c190_0 .net "difference", 32 0, L_0x63c50e859de0;  1 drivers
v0x63c50e83c2c0_0 .net "existing_answer", 32 0, L_0x63c50e85a260;  1 drivers
v0x63c50e83c3a0_0 .net "minuend", 32 0, L_0x63c50e859a20;  1 drivers
v0x63c50e83c480_0 .net "res", 32 0, L_0x63c50e859ec0;  alias, 1 drivers
v0x63c50e83c560_0 .net "subtract", 0 0, L_0x63c50e859ca0;  1 drivers
v0x63c50e83c6b0_0 .net "subtrahend", 32 0, L_0x63c50e859bb0;  1 drivers
v0x63c50e83c790_0 .net "x", 32 0, L_0x63c50e859490;  alias, 1 drivers
L_0x63c50e859980 .concat [ 2 33 0 0], L_0x63c50e85a040, L_0x63c50e859490;
L_0x63c50e859a20 .part L_0x63c50e859980, 0, 33;
L_0x63c50e859ac0 .concat [ 2 33 0 0], L_0x72a45af954e0, L_0x63c50e85a260;
L_0x63c50e859bb0 .part L_0x63c50e859ac0, 0, 33;
L_0x63c50e859ca0 .cmp/ge 33, L_0x63c50e859a20, L_0x63c50e859bb0;
L_0x63c50e859de0 .arith/sub 33, L_0x63c50e859a20, L_0x63c50e859bb0;
L_0x63c50e859ec0 .functor MUXZ 33, L_0x63c50e859a20, L_0x63c50e859de0, L_0x63c50e859ca0, C4<>;
S_0x63c50e83c900 .scope module, "ass4" "attemptSqrtSubtraction" 4 12, 4 28 0, S_0x63c50e81c910;
 .timescale 0 0;
    .port_info 0 /INPUT 2 "brought_down";
    .port_info 1 /INPUT 33 "x";
    .port_info 2 /INPUT 33 "existing_answer";
    .port_info 3 /OUTPUT 33 "res";
    .port_info 4 /OUTPUT 1 "subtract";
v0x63c50e83cb10_0 .net *"_ivl_0", 34 0, L_0x63c50e85a3f0;  1 drivers
L_0x72a45af95570 .functor BUFT 1, C4<01>, C4<0>, C4<0>, C4<0>;
v0x63c50e83cc10_0 .net/2u *"_ivl_4", 1 0, L_0x72a45af95570;  1 drivers
v0x63c50e83ccf0_0 .net *"_ivl_6", 34 0, L_0x63c50e85a5c0;  1 drivers
v0x63c50e83cde0_0 .net "brought_down", 1 0, L_0x63c50e85ab40;  1 drivers
v0x63c50e83cec0_0 .net "difference", 32 0, L_0x63c50e85a8e0;  1 drivers
v0x63c50e83cff0_0 .net "existing_answer", 32 0, L_0x63c50e85adb0;  1 drivers
v0x63c50e83d0d0_0 .net "minuend", 32 0, L_0x63c50e85a520;  1 drivers
v0x63c50e83d1b0_0 .net "res", 32 0, L_0x63c50e85a9c0;  alias, 1 drivers
v0x63c50e83d290_0 .net "subtract", 0 0, L_0x63c50e85a7a0;  1 drivers
v0x63c50e83d3e0_0 .net "subtrahend", 32 0, L_0x63c50e85a6b0;  1 drivers
v0x63c50e83d4c0_0 .net "x", 32 0, L_0x63c50e859ec0;  alias, 1 drivers
L_0x63c50e85a3f0 .concat [ 2 33 0 0], L_0x63c50e85ab40, L_0x63c50e859ec0;
L_0x63c50e85a520 .part L_0x63c50e85a3f0, 0, 33;
L_0x63c50e85a5c0 .concat [ 2 33 0 0], L_0x72a45af95570, L_0x63c50e85adb0;
L_0x63c50e85a6b0 .part L_0x63c50e85a5c0, 0, 33;
L_0x63c50e85a7a0 .cmp/ge 33, L_0x63c50e85a520, L_0x63c50e85a6b0;
L_0x63c50e85a8e0 .arith/sub 33, L_0x63c50e85a520, L_0x63c50e85a6b0;
L_0x63c50e85a9c0 .functor MUXZ 33, L_0x63c50e85a520, L_0x63c50e85a8e0, L_0x63c50e85a7a0, C4<>;
S_0x63c50e83d630 .scope module, "ass5" "attemptSqrtSubtraction" 4 13, 4 28 0, S_0x63c50e81c910;
 .timescale 0 0;
    .port_info 0 /INPUT 2 "brought_down";
    .port_info 1 /INPUT 33 "x";
    .port_info 2 /INPUT 33 "existing_answer";
    .port_info 3 /OUTPUT 33 "res";
    .port_info 4 /OUTPUT 1 "subtract";
v0x63c50e83d840_0 .net *"_ivl_0", 34 0, L_0x63c50e85af00;  1 drivers
L_0x72a45af95600 .functor BUFT 1, C4<01>, C4<0>, C4<0>, C4<0>;
v0x63c50e83d940_0 .net/2u *"_ivl_4", 1 0, L_0x72a45af95600;  1 drivers
v0x63c50e83da20_0 .net *"_ivl_6", 34 0, L_0x63c50e85b0d0;  1 drivers
v0x63c50e83db10_0 .net "brought_down", 1 0, L_0x63c50e85b650;  1 drivers
v0x63c50e83dbf0_0 .net "difference", 32 0, L_0x63c50e85b3f0;  1 drivers
v0x63c50e83dd20_0 .net "existing_answer", 32 0, L_0x63c50e85b8e0;  1 drivers
v0x63c50e83de00_0 .net "minuend", 32 0, L_0x63c50e85b030;  1 drivers
v0x63c50e83dee0_0 .net "res", 32 0, L_0x63c50e85b4d0;  alias, 1 drivers
v0x63c50e83dfc0_0 .net "subtract", 0 0, L_0x63c50e85b2b0;  1 drivers
v0x63c50e83e110_0 .net "subtrahend", 32 0, L_0x63c50e85b1c0;  1 drivers
v0x63c50e83e1f0_0 .net "x", 32 0, L_0x63c50e85a9c0;  alias, 1 drivers
L_0x63c50e85af00 .concat [ 2 33 0 0], L_0x63c50e85b650, L_0x63c50e85a9c0;
L_0x63c50e85b030 .part L_0x63c50e85af00, 0, 33;
L_0x63c50e85b0d0 .concat [ 2 33 0 0], L_0x72a45af95600, L_0x63c50e85b8e0;
L_0x63c50e85b1c0 .part L_0x63c50e85b0d0, 0, 33;
L_0x63c50e85b2b0 .cmp/ge 33, L_0x63c50e85b030, L_0x63c50e85b1c0;
L_0x63c50e85b3f0 .arith/sub 33, L_0x63c50e85b030, L_0x63c50e85b1c0;
L_0x63c50e85b4d0 .functor MUXZ 33, L_0x63c50e85b030, L_0x63c50e85b3f0, L_0x63c50e85b2b0, C4<>;
S_0x63c50e83e360 .scope module, "ass6" "attemptSqrtSubtraction" 4 14, 4 28 0, S_0x63c50e81c910;
 .timescale 0 0;
    .port_info 0 /INPUT 2 "brought_down";
    .port_info 1 /INPUT 33 "x";
    .port_info 2 /INPUT 33 "existing_answer";
    .port_info 3 /OUTPUT 33 "res";
    .port_info 4 /OUTPUT 1 "subtract";
v0x63c50e83e570_0 .net *"_ivl_0", 34 0, L_0x63c50e85ba20;  1 drivers
L_0x72a45af95690 .functor BUFT 1, C4<01>, C4<0>, C4<0>, C4<0>;
v0x63c50e83e670_0 .net/2u *"_ivl_4", 1 0, L_0x72a45af95690;  1 drivers
v0x63c50e83e750_0 .net *"_ivl_6", 34 0, L_0x63c50e85bbf0;  1 drivers
v0x63c50e83e840_0 .net "brought_down", 1 0, L_0x63c50e85c170;  1 drivers
v0x63c50e83e920_0 .net "difference", 32 0, L_0x63c50e85bf10;  1 drivers
v0x63c50e83ea50_0 .net "existing_answer", 32 0, L_0x63c50e85c380;  1 drivers
v0x63c50e83eb30_0 .net "minuend", 32 0, L_0x63c50e85bb50;  1 drivers
v0x63c50e83ec10_0 .net "res", 32 0, L_0x63c50e85bff0;  alias, 1 drivers
v0x63c50e83ecf0_0 .net "subtract", 0 0, L_0x63c50e85bdd0;  1 drivers
v0x63c50e83ee40_0 .net "subtrahend", 32 0, L_0x63c50e85bce0;  1 drivers
v0x63c50e83ef20_0 .net "x", 32 0, L_0x63c50e85b4d0;  alias, 1 drivers
L_0x63c50e85ba20 .concat [ 2 33 0 0], L_0x63c50e85c170, L_0x63c50e85b4d0;
L_0x63c50e85bb50 .part L_0x63c50e85ba20, 0, 33;
L_0x63c50e85bbf0 .concat [ 2 33 0 0], L_0x72a45af95690, L_0x63c50e85c380;
L_0x63c50e85bce0 .part L_0x63c50e85bbf0, 0, 33;
L_0x63c50e85bdd0 .cmp/ge 33, L_0x63c50e85bb50, L_0x63c50e85bce0;
L_0x63c50e85bf10 .arith/sub 33, L_0x63c50e85bb50, L_0x63c50e85bce0;
L_0x63c50e85bff0 .functor MUXZ 33, L_0x63c50e85bb50, L_0x63c50e85bf10, L_0x63c50e85bdd0, C4<>;
S_0x63c50e83f090 .scope module, "ass7" "attemptSqrtSubtraction" 4 15, 4 28 0, S_0x63c50e81c910;
 .timescale 0 0;
    .port_info 0 /INPUT 2 "brought_down";
    .port_info 1 /INPUT 33 "x";
    .port_info 2 /INPUT 33 "existing_answer";
    .port_info 3 /OUTPUT 33 "res";
    .port_info 4 /OUTPUT 1 "subtract";
v0x63c50e83f2a0_0 .net *"_ivl_0", 34 0, L_0x63c50e85c5a0;  1 drivers
L_0x72a45af95720 .functor BUFT 1, C4<01>, C4<0>, C4<0>, C4<0>;
v0x63c50e83f3a0_0 .net/2u *"_ivl_4", 1 0, L_0x72a45af95720;  1 drivers
v0x63c50e83f480_0 .net *"_ivl_6", 34 0, L_0x63c50e85c770;  1 drivers
v0x63c50e83f570_0 .net "brought_down", 1 0, L_0x63c50e85ccf0;  1 drivers
v0x63c50e83f650_0 .net "difference", 32 0, L_0x63c50e85ca90;  1 drivers
v0x63c50e83f780_0 .net "existing_answer", 32 0, L_0x63c50e85cf20;  1 drivers
v0x63c50e83f860_0 .net "minuend", 32 0, L_0x63c50e85c6d0;  1 drivers
v0x63c50e83f940_0 .net "res", 32 0, L_0x63c50e85cb70;  alias, 1 drivers
v0x63c50e83fa20_0 .net "subtract", 0 0, L_0x63c50e85c950;  1 drivers
v0x63c50e83fb70_0 .net "subtrahend", 32 0, L_0x63c50e85c860;  1 drivers
v0x63c50e83fc50_0 .net "x", 32 0, L_0x63c50e85bff0;  alias, 1 drivers
L_0x63c50e85c5a0 .concat [ 2 33 0 0], L_0x63c50e85ccf0, L_0x63c50e85bff0;
L_0x63c50e85c6d0 .part L_0x63c50e85c5a0, 0, 33;
L_0x63c50e85c770 .concat [ 2 33 0 0], L_0x72a45af95720, L_0x63c50e85cf20;
L_0x63c50e85c860 .part L_0x63c50e85c770, 0, 33;
L_0x63c50e85c950 .cmp/ge 33, L_0x63c50e85c6d0, L_0x63c50e85c860;
L_0x63c50e85ca90 .arith/sub 33, L_0x63c50e85c6d0, L_0x63c50e85c860;
L_0x63c50e85cb70 .functor MUXZ 33, L_0x63c50e85c6d0, L_0x63c50e85ca90, L_0x63c50e85c950, C4<>;
S_0x63c50e83fdc0 .scope module, "ass8" "attemptSqrtSubtraction" 4 16, 4 28 0, S_0x63c50e81c910;
 .timescale 0 0;
    .port_info 0 /INPUT 2 "brought_down";
    .port_info 1 /INPUT 33 "x";
    .port_info 2 /INPUT 33 "existing_answer";
    .port_info 3 /OUTPUT 33 "res";
    .port_info 4 /OUTPUT 1 "subtract";
v0x63c50e83ffd0_0 .net *"_ivl_0", 34 0, L_0x63c50e85d0b0;  1 drivers
L_0x72a45af957b0 .functor BUFT 1, C4<01>, C4<0>, C4<0>, C4<0>;
v0x63c50e8400d0_0 .net/2u *"_ivl_4", 1 0, L_0x72a45af957b0;  1 drivers
v0x63c50e8401b0_0 .net *"_ivl_6", 34 0, L_0x63c50e85d1f0;  1 drivers
v0x63c50e8402a0_0 .net "brought_down", 1 0, L_0x63c50e85d770;  1 drivers
v0x63c50e840380_0 .net "difference", 32 0, L_0x63c50e85d510;  1 drivers
v0x63c50e8404b0_0 .net "existing_answer", 32 0, L_0x63c50e85d910;  1 drivers
v0x63c50e840590_0 .net "minuend", 32 0, L_0x63c50e85d150;  1 drivers
v0x63c50e840670_0 .net "res", 32 0, L_0x63c50e85d5f0;  alias, 1 drivers
v0x63c50e840750_0 .net "subtract", 0 0, L_0x63c50e85d3d0;  1 drivers
v0x63c50e8408a0_0 .net "subtrahend", 32 0, L_0x63c50e85d2e0;  1 drivers
v0x63c50e840980_0 .net "x", 32 0, L_0x63c50e85cb70;  alias, 1 drivers
L_0x63c50e85d0b0 .concat [ 2 33 0 0], L_0x63c50e85d770, L_0x63c50e85cb70;
L_0x63c50e85d150 .part L_0x63c50e85d0b0, 0, 33;
L_0x63c50e85d1f0 .concat [ 2 33 0 0], L_0x72a45af957b0, L_0x63c50e85d910;
L_0x63c50e85d2e0 .part L_0x63c50e85d1f0, 0, 33;
L_0x63c50e85d3d0 .cmp/ge 33, L_0x63c50e85d150, L_0x63c50e85d2e0;
L_0x63c50e85d510 .arith/sub 33, L_0x63c50e85d150, L_0x63c50e85d2e0;
L_0x63c50e85d5f0 .functor MUXZ 33, L_0x63c50e85d150, L_0x63c50e85d510, L_0x63c50e85d3d0, C4<>;
S_0x63c50e840af0 .scope module, "ass9" "attemptSqrtSubtraction" 4 17, 4 28 0, S_0x63c50e81c910;
 .timescale 0 0;
    .port_info 0 /INPUT 2 "brought_down";
    .port_info 1 /INPUT 33 "x";
    .port_info 2 /INPUT 33 "existing_answer";
    .port_info 3 /OUTPUT 33 "res";
    .port_info 4 /OUTPUT 1 "subtract";
v0x63c50e840d00_0 .net *"_ivl_0", 34 0, L_0x63c50e85db60;  1 drivers
L_0x72a45af95840 .functor BUFT 1, C4<01>, C4<0>, C4<0>, C4<0>;
v0x63c50e840e00_0 .net/2u *"_ivl_4", 1 0, L_0x72a45af95840;  1 drivers
v0x63c50e840ee0_0 .net *"_ivl_6", 34 0, L_0x63c50e85dca0;  1 drivers
v0x63c50e840fd0_0 .net "brought_down", 1 0, L_0x63c50e85e220;  1 drivers
v0x63c50e8410b0_0 .net "difference", 32 0, L_0x63c50e85dfc0;  1 drivers
v0x63c50e8411e0_0 .net "existing_answer", 32 0, L_0x63c50e85e590;  1 drivers
v0x63c50e8412c0_0 .net "minuend", 32 0, L_0x63c50e85dc00;  1 drivers
v0x63c50e8413a0_0 .net "res", 32 0, L_0x63c50e85e0a0;  alias, 1 drivers
v0x63c50e841460_0 .net "subtract", 0 0, L_0x63c50e85de80;  1 drivers
v0x63c50e841590_0 .net "subtrahend", 32 0, L_0x63c50e85dd90;  1 drivers
v0x63c50e841670_0 .net "x", 32 0, L_0x63c50e85d5f0;  alias, 1 drivers
L_0x63c50e85db60 .concat [ 2 33 0 0], L_0x63c50e85e220, L_0x63c50e85d5f0;
L_0x63c50e85dc00 .part L_0x63c50e85db60, 0, 33;
L_0x63c50e85dca0 .concat [ 2 33 0 0], L_0x72a45af95840, L_0x63c50e85e590;
L_0x63c50e85dd90 .part L_0x63c50e85dca0, 0, 33;
L_0x63c50e85de80 .cmp/ge 33, L_0x63c50e85dc00, L_0x63c50e85dd90;
L_0x63c50e85dfc0 .arith/sub 33, L_0x63c50e85dc00, L_0x63c50e85dd90;
L_0x63c50e85e0a0 .functor MUXZ 33, L_0x63c50e85dc00, L_0x63c50e85dfc0, L_0x63c50e85de80, C4<>;
    .scope S_0x63c50e803d00;
T_0 ;
    %vpi_call 2 47 "$display", "r1x, r1y, r2x, r2y, w1x, w1y, w2x, w2y -> intersection, ray_distance, uv_x" {0 0 0};
    %pushi/vec4 4294959104, 0, 32;
    %store/vec4 v0x63c50e833fa0_0, 0, 32;
T_0.0 ;
    %load/vec4 v0x63c50e833fa0_0;
    %cmpi/s 8191, 0, 32;
    %flag_or 5, 4;
    %jmp/0xz T_0.1, 5;
    %pushi/vec4 4294959104, 0, 32;
    %store/vec4 v0x63c50e834160_0, 0, 32;
T_0.2 ;
    %load/vec4 v0x63c50e834160_0;
    %cmpi/s 8191, 0, 32;
    %flag_or 5, 4;
    %jmp/0xz T_0.3, 5;
    %pushi/vec4 4294959104, 0, 32;
    %store/vec4 v0x63c50e834200_0, 0, 32;
T_0.4 ;
    %load/vec4 v0x63c50e834200_0;
    %cmpi/s 8191, 0, 32;
    %flag_or 5, 4;
    %jmp/0xz T_0.5, 5;
    %pushi/vec4 4294959104, 0, 32;
    %store/vec4 v0x63c50e8342c0_0, 0, 32;
T_0.6 ;
    %load/vec4 v0x63c50e8342c0_0;
    %cmpi/s 8191, 0, 32;
    %flag_or 5, 4;
    %jmp/0xz T_0.7, 5;
    %pushi/vec4 4294959104, 0, 32;
    %store/vec4 v0x63c50e8343a0_0, 0, 32;
T_0.8 ;
    %load/vec4 v0x63c50e8343a0_0;
    %cmpi/s 8191, 0, 32;
    %flag_or 5, 4;
    %jmp/0xz T_0.9, 5;
    %pushi/vec4 4294959104, 0, 32;
    %store/vec4 v0x63c50e834480_0, 0, 32;
T_0.10 ;
    %load/vec4 v0x63c50e834480_0;
    %cmpi/s 8191, 0, 32;
    %flag_or 5, 4;
    %jmp/0xz T_0.11, 5;
    %pushi/vec4 4294959104, 0, 32;
    %store/vec4 v0x63c50e834560_0, 0, 32;
T_0.12 ;
    %load/vec4 v0x63c50e834560_0;
    %cmpi/s 8191, 0, 32;
    %flag_or 5, 4;
    %jmp/0xz T_0.13, 5;
    %pushi/vec4 4294959104, 0, 32;
    %store/vec4 v0x63c50e834640_0, 0, 32;
T_0.14 ;
    %load/vec4 v0x63c50e834640_0;
    %cmpi/s 8191, 0, 32;
    %flag_or 5, 4;
    %jmp/0xz T_0.15, 5;
    %load/vec4 v0x63c50e833fa0_0;
    %pad/s 16;
    %store/vec4 v0x63c50e834720_0, 0, 16;
    %load/vec4 v0x63c50e834160_0;
    %pad/s 16;
    %store/vec4 v0x63c50e8347e0_0, 0, 16;
    %load/vec4 v0x63c50e834200_0;
    %pad/s 16;
    %store/vec4 v0x63c50e834880_0, 0, 16;
    %load/vec4 v0x63c50e8342c0_0;
    %pad/s 16;
    %store/vec4 v0x63c50e834920_0, 0, 16;
    %load/vec4 v0x63c50e8343a0_0;
    %pad/s 16;
    %store/vec4 v0x63c50e834d00_0, 0, 16;
    %load/vec4 v0x63c50e834480_0;
    %pad/s 16;
    %store/vec4 v0x63c50e834dd0_0, 0, 16;
    %load/vec4 v0x63c50e834560_0;
    %pad/s 16;
    %store/vec4 v0x63c50e834ea0_0, 0, 16;
    %load/vec4 v0x63c50e834640_0;
    %pad/s 16;
    %store/vec4 v0x63c50e834f70_0, 0, 16;
    %delay 1, 0;
    %vpi_call 2 72 "$display", "%h, %h, %h, %h, %h, %h, %h, %h, %h, %h, %h, %h, %h", v0x63c50e834720_0, v0x63c50e8347e0_0, v0x63c50e834880_0, v0x63c50e834920_0, v0x63c50e834d00_0, v0x63c50e834dd0_0, v0x63c50e834ea0_0, v0x63c50e834f70_0, v0x63c50e834a90_0, v0x63c50e834b60_0, v0x63c50e8340a0_0, v0x63c50e8349c0_0, v0x63c50e834c30_0 {0 0 0};
    %load/vec4 v0x63c50e834640_0;
    %addi 8191, 0, 32;
    %store/vec4 v0x63c50e834640_0, 0, 32;
    %jmp T_0.14;
T_0.15 ;
    %load/vec4 v0x63c50e834560_0;
    %addi 8191, 0, 32;
    %store/vec4 v0x63c50e834560_0, 0, 32;
    %jmp T_0.12;
T_0.13 ;
    %load/vec4 v0x63c50e834480_0;
    %addi 8191, 0, 32;
    %store/vec4 v0x63c50e834480_0, 0, 32;
    %jmp T_0.10;
T_0.11 ;
    %load/vec4 v0x63c50e8343a0_0;
    %addi 8191, 0, 32;
    %store/vec4 v0x63c50e8343a0_0, 0, 32;
    %jmp T_0.8;
T_0.9 ;
    %load/vec4 v0x63c50e8342c0_0;
    %addi 8191, 0, 32;
    %store/vec4 v0x63c50e8342c0_0, 0, 32;
    %jmp T_0.6;
T_0.7 ;
    %load/vec4 v0x63c50e834200_0;
    %addi 8191, 0, 32;
    %store/vec4 v0x63c50e834200_0, 0, 32;
    %jmp T_0.4;
T_0.5 ;
    %load/vec4 v0x63c50e834160_0;
    %addi 8191, 0, 32;
    %store/vec4 v0x63c50e834160_0, 0, 32;
    %jmp T_0.2;
T_0.3 ;
    %load/vec4 v0x63c50e833fa0_0;
    %addi 8191, 0, 32;
    %store/vec4 v0x63c50e833fa0_0, 0, 32;
    %jmp T_0.0;
T_0.1 ;
    %vpi_call 2 86 "$finish" {0 0 0};
    %end;
    .thread T_0;
# The file index is used to find the file name in the following table.
:file_names 5;
    "N/A";
    "<interactive>";
    "rayCastTB.v";
    "rayCast.v";
    "sqrt32to16.v";
