MIF/HEX Update report for GPU
Fri Dec  6 00:01:38 2024
Quartus Prime Version 23.1std.1 Build 993 05/14/2024 SC Lite Edition


---------------------
; Table of Contents ;
---------------------
  1. Legal Notice
  2. MIF/HEX Update Summary
  3. MIF/HEX Update Processed Files
  4. MIF/HEX Update Messages



----------------
; Legal Notice ;
----------------
Copyright (C) 2024  Intel Corporation. All rights reserved.
Your use of Intel Corporation's design tools, logic functions 
and other software and tools, and any partner logic 
functions, and any output files from any of the foregoing 
(including device programming or simulation files), and any 
associated documentation or information are expressly subject 
to the terms and conditions of the Intel Program License 
Subscription Agreement, the Intel Quartus Prime License Agreement,
the Intel FPGA IP License Agreement, or other applicable license
agreement, including, without limitation, that your use is for
the sole purpose of programming logic devices manufactured by
Intel and sold by Intel or its authorized distributors.  Please
refer to the applicable agreement for further details, at
https://fpgasoftware.intel.com/eula.



+---------------------------------------------------------------+
; MIF/HEX Update Summary                                        ;
+-----------------------+---------------------------------------+
; MIF/HEX Update Status ; Successful - Fri Dec  6 00:01:38 2024 ;
; Revision Name         ; GPU                                   ;
; Top-level Entity Name ; system_mapped1                        ;
; Family                ; Cyclone V                             ;
; Device                ; 5CSEMA5F31C6                          ;
+-----------------------+---------------------------------------+


+--------------------------------------------------------------------------------------------------+
; MIF/HEX Update Processed Files                                                                   ;
+--------------------------------------------------------------------------------------------------+
; File Name                                                                                        ;
+--------------------------------------------------------------------------------------------------+
; /home/casey/Documents/School/ECE3710/3710-CPU/quartusProject/db/GPU.ram0_memory_e411fb78.hdl.mif ;
+--------------------------------------------------------------------------------------------------+


+-------------------------+
; MIF/HEX Update Messages ;
+-------------------------+
Info: *******************************************************************
Info: Running Quartus Prime MIF/HEX Update
    Info: Version 23.1std.1 Build 993 05/14/2024 SC Lite Edition
    Info: Copyright (C) 2024  Intel Corporation. All rights reserved.
    Info: Your use of Intel Corporation's design tools, logic functions 
    Info: and other software and tools, and any partner logic 
    Info: functions, and any output files from any of the foregoing 
    Info: (including device programming or simulation files), and any 
    Info: associated documentation or information are expressly subject 
    Info: to the terms and conditions of the Intel Program License 
    Info: Subscription Agreement, the Intel Quartus Prime License Agreement,
    Info: the Intel FPGA IP License Agreement, or other applicable license
    Info: agreement, including, without limitation, that your use is for
    Info: the sole purpose of programming logic devices manufactured by
    Info: Intel and sold by Intel or its authorized distributors.  Please
    Info: refer to the applicable agreement for further details, at
    Info: https://fpgasoftware.intel.com/eula.
    Info: Processing started: Fri Dec  6 00:01:02 2024
Info: Command: quartus_cdb --update_mif GPU
Info (39024): Processed the following Memory Initialization File(s)
    Info (39025): Processed Memory Initialization File /home/casey/Documents/School/ECE3710/3710-CPU/quartusProject/db/GPU.ram0_memory_e411fb78.hdl.mif File: /home/casey/Documents/School/ECE3710/3710-CPU/quartusProject/db/GPU.ram0_memory_e411fb78.hdl.mif Line: 0
Info: Quartus Prime MIF/HEX Update was successful. 0 errors, 0 warnings
    Info: Peak virtual memory: 1026 megabytes
    Info: Processing ended: Fri Dec  6 00:01:38 2024
    Info: Elapsed time: 00:00:36
    Info: Total CPU time (on all processors): 00:00:36


